0 info it worked if it ends with ok
1 verbose cli [ '/home/franklyn/.nvm/versions/node/v6.1.0/bin/node',
1 verbose cli   '/home/franklyn/.nvm/versions/node/v6.1.0/bin/npm',
1 verbose cli   'start' ]
2 info using npm@3.8.6
3 info using node@v6.1.0
4 verbose run-script [ 'prestart', 'start', 'poststart' ]
5 info lifecycle CViajaDeLujo@~prestart: CViajaDeLujo@
6 silly lifecycle CViajaDeLujo@~prestart: no script for prestart, continuing
7 info lifecycle CViajaDeLujo@~start: CViajaDeLujo@
8 verbose lifecycle CViajaDeLujo@~start: unsafe-perm in lifecycle true
9 verbose lifecycle CViajaDeLujo@~start: PATH: /home/franklyn/.nvm/versions/node/v6.1.0/lib/node_modules/npm/bin/node-gyp-bin:/home/franklyn/Documentos/Person/cviajaDL/node_modules/.bin:/home/franklyn/.nvm/versions/node/v6.1.0/bin:/home/franklyn/.nvm/versions/node/v6.1.0/bin:/home/franklyn/bin:/home/franklyn/.local/bin:/usr/local/sbin:/usr/local/bin:/usr/sbin:/usr/bin:/sbin:/bin:/usr/games:/usr/local/games:/snap/bin
10 verbose lifecycle CViajaDeLujo@~start: CWD: /home/franklyn/Documentos/Person/cviajaDL
11 silly lifecycle CViajaDeLujo@~start: Args: [ '-c', 'node index.js' ]
12 silly lifecycle CViajaDeLujo@~start: Returned: code: 1  signal: null
13 info lifecycle CViajaDeLujo@~start: Failed to exec start script
14 verbose stack Error: CViajaDeLujo@ start: `node index.js`
14 verbose stack Exit status 1
14 verbose stack     at EventEmitter.<anonymous> (/home/franklyn/.nvm/versions/node/v6.1.0/lib/node_modules/npm/lib/utils/lifecycle.js:239:16)
14 verbose stack     at emitTwo (events.js:106:13)
14 verbose stack     at EventEmitter.emit (events.js:191:7)
14 verbose stack     at ChildProcess.<anonymous> (/home/franklyn/.nvm/versions/node/v6.1.0/lib/node_modules/npm/lib/utils/spawn.js:24:14)
14 verbose stack     at emitTwo (events.js:106:13)
14 verbose stack     at ChildProcess.emit (events.js:191:7)
14 verbose stack     at maybeClose (internal/child_process.js:850:16)
14 verbose stack     at Process.ChildProcess._handle.onexit (internal/child_process.js:215:5)
15 verbose pkgid CViajaDeLujo@
16 verbose cwd /home/franklyn/Documentos/Person/cviajaDL
17 error Linux 4.4.0-78-generic
18 error argv "/home/franklyn/.nvm/versions/node/v6.1.0/bin/node" "/home/franklyn/.nvm/versions/node/v6.1.0/bin/npm" "start"
19 error node v6.1.0
20 error npm  v3.8.6
21 error code ELIFECYCLE
22 error CViajaDeLujo@ start: `node index.js`
22 error Exit status 1
23 error Failed at the CViajaDeLujo@ start script 'node index.js'.
23 error Make sure you have the latest version of node.js and npm installed.
23 error If you do, this is most likely a problem with the CViajaDeLujo package,
23 error not with npm itself.
23 error Tell the author that this fails on your system:
23 error     node index.js
23 error You can get information on how to open an issue for this project with:
23 error     npm bugs CViajaDeLujo
23 error Or if that isn't available, you can get their info via:
23 error     npm owner ls CViajaDeLujo
23 error There is likely additional logging output above.
24 verbose exit [ 1, true ]
